[debug] [2018-10-31T14:59:26.906Z] ----------------------------------------------------------------------
[debug] [2018-10-31T14:59:26.908Z] Command:       /usr/local/bin/node /usr/local/bin/firebase serve
[debug] [2018-10-31T14:59:26.909Z] CLI Version:   4.2.0
[debug] [2018-10-31T14:59:26.909Z] Platform:      darwin
[debug] [2018-10-31T14:59:26.909Z] Node Version:  v9.8.0
[debug] [2018-10-31T14:59:26.909Z] Time:          Wed Oct 31 2018 09:59:26 GMT-0500 (CDT)
[debug] [2018-10-31T14:59:26.909Z] ----------------------------------------------------------------------
[debug] 
[debug] [2018-10-31T14:59:26.919Z] > command requires scopes: ["email","openid","https://www.googleapis.com/auth/cloudplatformprojects.readonly","https://www.googleapis.com/auth/firebase","https://www.googleapis.com/auth/cloud-platform"]
[debug] [2018-10-31T14:59:26.920Z] > authorizing via signed-in user
[debug] [2018-10-31T14:59:26.921Z] >>> HTTP REQUEST GET https://admin.firebase.com/v1/projects/deghalloween2018  
 
[debug] [2018-10-31T14:59:27.213Z] <<< HTTP RESPONSE 200
[debug] [2018-10-31T14:59:27.214Z] >>> HTTP REQUEST GET https://cloudresourcemanager.googleapis.com/v1/projects/deghalloween2018  
 
[debug] [2018-10-31T14:59:27.900Z] <<< HTTP RESPONSE 200
[info] 
[info] === Serving from '/Users/aladage/Projects/_degsideprojects/halloween2018/current'...
[info] 
[info] i  functions: Preparing to emulate functions.
[debug] [2018-10-31T14:59:28.625Z] Fetching environment
[debug] [2018-10-31T14:59:28.627Z] >>> HTTP REQUEST GET https://mobilesdk-pa.googleapis.com/v1/projects/973288714012:getServerAppConfig  
 
[debug] [2018-10-31T14:59:28.628Z] >>> HTTP REQUEST GET https://mobilesdk-pa.googleapis.com/v1/projects/973288714012/clients/_:getWebAppConfig  
 
[debug] [2018-10-31T14:59:29.294Z] <<< HTTP RESPONSE 200
[debug] [2018-10-31T14:59:29.295Z] Starting @google-cloud/functions-emulator
[debug] [2018-10-31T14:59:29.355Z] <<< HTTP RESPONSE 200
[info] i  hosting[deghalloween2018]: Serving hosting files from: public
[info] ✔  hosting[deghalloween2018]: Local server: http://localhost:5000
[debug] [2018-10-31T14:59:30.331Z] Parsing function triggers
[info] i  functions: No HTTPS functions found. Use firebase functions:shell if you would like to emulate other types of functions.
